<?xml version="1.0" encoding="UTF-8"?>
<testng-results skipped="0" failed="0" ignored="0" total="1" passed="1">
  <reporter-output>
  </reporter-output>
  <suite name="Default suite" duration-ms="17015" started-at="2023-02-03T09:17:00Z" finished-at="2023-02-03T09:17:17Z">
    <groups>
    </groups>
    <test name="Default test" duration-ms="17015" started-at="2023-02-03T09:17:00Z" finished-at="2023-02-03T09:17:17Z">
      <class name="SeleniumConcepts.GmailTest">
        <test-method status="PASS" signature="gmailTestCase()[pri:0, instance:SeleniumConcepts.GmailTest@192b07fd]" name="gmailTestCase" duration-ms="16950" started-at="2023-02-03T09:17:00Z" finished-at="2023-02-03T09:17:17Z">
          <reporter-output>
          </reporter-output>
        </test-method> <!-- gmailTestCase -->
      </class> <!-- SeleniumConcepts.GmailTest -->
    </test> <!-- Default test -->
  </suite> <!-- Default suite -->
</testng-results>
