<?xml version="1.0" encoding="UTF-8"?>
<!-- Generated by org.testng.reporters.JUnitXMLReporter -->
<testsuite hostname="SMISAL-FXX63M3" ignored="0" name="Test" tests="3" failures="0" timestamp="01 Feb 2023 07:20:39 GMT" time="62.952" errors="0">
  <testcase name="amazonTC1Computer" time="22.675" classname="testcasesForAmazon.Test1"/>
  <testcase name="amazonTC2Furniture" time="30.409" classname="testcasesForAmazon.Test2"/>
  <testcase name="amazonTC3MensWatch" time="40.245" classname="testcasesForAmazon.Test3"/>
</testsuite> <!-- Test -->
