<?xml version="1.0" encoding="UTF-8"?>
<!-- Generated by org.testng.reporters.JUnitXMLReporter -->
<testsuite hostname="SMISAL-FXX63M3" ignored="4" name="Test" tests="3" failures="0" timestamp="02 Feb 2023 11:19:46 GMT" time="89.138" errors="0">
  <testcase name="testcase1" time="15.683" classname="Tests.AmazonTest1Computer"/>
  <testcase name="testcase2" time="35.693" classname="Tests.AmazonTest2Home"/>
  <testcase name="testcase3" time="37.723" classname="Tests.AmazonTest3MensWatches"/>
  <testcase name="@BeforeSuite openBrowser" time="0.0" classname="testBase.TestBase">
    <ignored/>
  </testcase> <!-- @BeforeSuite openBrowser -->
  <testcase name="@BeforeSuite openBrowser" time="0.0" classname="testBase.TestBase">
    <ignored/>
  </testcase> <!-- @BeforeSuite openBrowser -->
  <testcase name="@AfterSuite closeBrowser" time="0.0" classname="testBase.TestBase">
    <ignored/>
  </testcase> <!-- @AfterSuite closeBrowser -->
  <testcase name="@AfterSuite closeBrowser" time="0.0" classname="testBase.TestBase">
    <ignored/>
  </testcase> <!-- @AfterSuite closeBrowser -->
</testsuite> <!-- Test -->
